[0mOPTIONS /api/auth/login [32m200[0m 4.835 ms - 4[0m
[0mPOST /api/auth/login [32m201[0m 220.902 ms - 249[0m
[0mOPTIONS /api/sauces [32m200[0m 1.150 ms - 13[0m
[0mGET /api/sauces [36m304[0m 41.201 ms - -[0m
[0mOPTIONS /api/sauces/633861944fd23a912dcf4336 [32m200[0m 0.796 ms - 19[0m
[0mGET /api/sauces/633861944fd23a912dcf4336 [36m304[0m 39.216 ms - -[0m
[0mOPTIONS /api/sauces [32m200[0m 5.093 ms - 13[0m
[0mPOST /api/sauces [33m400[0m 31.354 ms - 29[0m
[0mOPTIONS /api/sauces [32m200[0m 4.879 ms - 13[0m
[0mPOST /api/sauces [32m201[0m 29.895 ms - 27[0m
[0mGET /api/sauces [33m400[0m 1.600 ms - 19[0m
[0mOPTIONS /api/auth/login [32m200[0m 4.782 ms - 4[0m
[0mPOST /api/auth/login [32m201[0m 228.594 ms - 249[0m
[0mOPTIONS /api/sauces [32m200[0m 1.489 ms - 13[0m
[0mGET /api/sauces [32m200[0m 122.832 ms - 911[0m
[0mGET /images/unknown.png1664712174226.png [33m404[0m 4.061 ms - 174[0m
[0mGET /images/unknown.png1664712209682.png [33m404[0m 1.517 ms - 174[0m
[0mGET /images/devlife.PNG1664639380434.png [33m404[0m 1.577 ms - 174[0m
[0mOPTIONS /api/auth/login [32m200[0m 5.064 ms - 4[0m
[0mPOST /api/auth/login [32m201[0m 220.129 ms - 249[0m
[0mOPTIONS /api/sauces [32m200[0m 1.103 ms - 13[0m
[0mGET /api/sauces [36m304[0m 44.667 ms - -[0m
[0mGET /images/devlife.PNG1664639380434.png [36m304[0m 5.566 ms - -[0m
[0mGET /images/unknown.png1664712174226.png [32m200[0m 6.351 ms - 618145[0m
[0mGET /images/unknown.png1664712209682.png [32m200[0m 6.752 ms - 618145[0m
[0mOPTIONS /api/sauces [32m200[0m 5.022 ms - 13[0m
[0mPOST /api/sauces [32m201[0m 29.484 ms - 27[0m
[0mGET /api/sauces [32m200[0m 71.844 ms - 1212[0m
[0mGET /images/unknown.png1664712541722.png [32m200[0m 4.538 ms - 618145[0m
[0mOPTIONS /api/sauces/633861944fd23a912dcf4336 [32m200[0m 4.961 ms - 19[0m
[0mGET /api/sauces/633861944fd23a912dcf4336 [36m304[0m 502.630 ms - -[0m
[0mOPTIONS /api/sauces [32m200[0m 1.140 ms - 13[0m
[0mPOST /api/sauces [32m201[0m 25.188 ms - 27[0m
[0mGET /api/sauces [32m200[0m 44.538 ms - 1518[0m
[0mGET /images/unknown.png1664712615213.png [32m200[0m 4.750 ms - 618145[0m
[0mOPTIONS /api/sauces/633861944fd23a912dcf4336 [32m200[0m 5.132 ms - 19[0m
[0mGET /api/sauces/633861944fd23a912dcf4336 [36m304[0m 54.922 ms - -[0m
[0mOPTIONS /api/sauces [32m200[0m 0.945 ms - 13[0m
[0mPOST /api/sauces [33m400[0m 26.108 ms - 29[0m
[0mOPTIONS /api/sauces [32m200[0m 4.893 ms - 13[0m
[0mPOST /api/sauces [32m201[0m 28.811 ms - -[0m
[0mOPTIONS /api/sauces [32m200[0m 1.021 ms - 13[0m
[0mPOST /api/sauces [32m201[0m 11.381 ms - -[0m
[0mOPTIONS /api/auth/login [32m200[0m 0.719 ms - 4[0m
[0mPOST /api/auth/login [32m201[0m 213.622 ms - 249[0m
[0mOPTIONS /api/sauces [32m200[0m 0.541 ms - 13[0m
[0mGET /api/sauces [32m200[0m 47.355 ms - 2456[0m
[0mGET /images/unknown.png1664712649562.png [32m200[0m 7.092 ms - 618145[0m
[0mGET /images/unknown.png1664712681709.png [32m200[0m 3.348 ms - 618145[0m
[0mGET /images/unknown.png1664712706498.png [32m200[0m 3.218 ms - 618145[0m
[0mOPTIONS /api/sauces/63397e1102886af6213f4103 [32m200[0m 0.798 ms - 19[0m
[0mGET /api/sauces/63397e1102886af6213f4103 [32m200[0m 39.619 ms - 302[0m
[0mGET /api/sauces/63397e1102886af6213f4103 [36m304[0m 37.614 ms - -[0m
[0mDELETE /api/sauces/63397e1102886af6213f4103 [32m200[0m 36.981 ms - 27[0m
[0mGET /api/sauces [32m200[0m 41.134 ms - 2153[0m
[0mOPTIONS /api/sauces/63397fa796f864eacd5e6946 [32m200[0m 0.717 ms - 19[0m
[0mGET /api/sauces/63397fa796f864eacd5e6946 [32m200[0m 43.147 ms - 305[0m
[0mGET /api/sauces/63397fa796f864eacd5e6946 [36m304[0m 37.518 ms - -[0m
[0mDELETE /api/sauces/63397fa796f864eacd5e6946 [32m200[0m 37.921 ms - 27[0m
[0mGET /api/sauces [32m200[0m 48.341 ms - 1847[0m
[0mOPTIONS /api/sauces/63397f5dec4bed9153244276 [32m200[0m 0.502 ms - 19[0m
[0mGET /api/sauces/63397f5dec4bed9153244276 [32m200[0m 77.431 ms - 300[0m
[0mGET /api/sauces/63397f5dec4bed9153244276 [36m304[0m 49.630 ms - -[0m
[0mGET /api/sauces/63397f5dec4bed9153244276 [36m304[0m 37.295 ms - -[0m
[0mOPTIONS /api/sauces [32m200[0m 0.492 ms - 13[0m
[0mGET /api/sauces [36m304[0m 40.859 ms - -[0m
[0mOPTIONS /api/sauces/63397deefe1d84aa9a8cc4eb [32m200[0m 0.469 ms - 19[0m
[0mGET /api/sauces/63397deefe1d84aa9a8cc4eb [32m200[0m 53.140 ms - 302[0m
[0mGET /api/sauces/63397deefe1d84aa9a8cc4eb [36m304[0m 39.075 ms - -[0m
[0mDELETE /api/sauces/63397deefe1d84aa9a8cc4eb [32m200[0m 41.158 ms - 27[0m
[0mGET /api/sauces [32m200[0m 38.601 ms - 1544[0m
[0mOPTIONS /api/sauces/63397f5dec4bed9153244276 [32m200[0m 0.445 ms - 19[0m
[0mGET /api/sauces/63397f5dec4bed9153244276 [36m304[0m 37.454 ms - -[0m
[0mGET /api/sauces/63397f5dec4bed9153244276 [36m304[0m 36.791 ms - -[0m
[0mDELETE /api/sauces/63397f5dec4bed9153244276 [32m200[0m 36.852 ms - 27[0m
[0mOPTIONS /api/sauces [32m200[0m 0.411 ms - 13[0m
[0mGET /api/sauces [32m200[0m 41.728 ms - 1243[0m
[0mOPTIONS /api/sauces/633980026399d1d2579a7cd1 [32m200[0m 0.443 ms - 19[0m
[0mGET /api/sauces/633980026399d1d2579a7cd1 [32m200[0m 72.457 ms - 309[0m
[0mGET /api/sauces/633980026399d1d2579a7cd1 [36m304[0m 37.525 ms - -[0m
[0mDELETE /api/sauces/633980026399d1d2579a7cd1 [32m200[0m 36.156 ms - 27[0m
[0mOPTIONS /api/sauces [32m200[0m 0.407 ms - 13[0m
[0mGET /api/sauces [32m200[0m 37.887 ms - 933[0m
[0mOPTIONS /api/sauces/63397fe96399d1d2579a7ccf [32m200[0m 0.426 ms - 19[0m
[0mGET /api/sauces/63397fe96399d1d2579a7ccf [32m200[0m 36.275 ms - 313[0m
[0mGET /api/sauces/63397fe96399d1d2579a7ccf [36m304[0m 38.032 ms - -[0m
[0mDELETE /api/sauces/63397fe96399d1d2579a7ccf [32m200[0m 37.488 ms - 27[0m
[0mGET /api/sauces [32m200[0m 35.141 ms - 619[0m
[0mOPTIONS /api/sauces/63397fc97d421db07fce9e87 [32m200[0m 0.454 ms - 19[0m
[0mGET /api/sauces/63397fc97d421db07fce9e87 [32m200[0m 39.440 ms - 313[0m
[0mGET /api/sauces/63397fc97d421db07fce9e87 [36m304[0m 36.887 ms - -[0m
[0mDELETE /api/sauces/63397fc97d421db07fce9e87 [32m200[0m 42.425 ms - 27[0m
[0mGET /api/sauces [32m200[0m 38.510 ms - 305[0m
[0mOPTIONS /api/sauces [32m200[0m 0.625 ms - 13[0m
[0mPOST /api/sauces [32m201[0m 9.579 ms - -[0m
[0mOPTIONS /api/auth/login [32m200[0m 4.998 ms - 4[0m
[0mPOST /api/auth/login [32m201[0m 222.710 ms - 249[0m
[0mOPTIONS /api/sauces [32m200[0m 1.104 ms - 13[0m
[0mGET /api/sauces [32m200[0m 79.147 ms - 613[0m
[0mGET /images/devlife.PNG1664639380434.png [32m200[0m 4.334 ms - 144272[0m
[0mGET /images/unknown.png1664712779573.png [32m200[0m 2.528 ms - 618145[0m
[0mOPTIONS /api/sauces [32m200[0m 1.050 ms - 13[0m
[0mPOST /api/sauces [32m201[0m 22.946 ms - 2[0m
[0mGET /api/sauces [32m200[0m 39.908 ms - 917[0m
[0mGET /images/unknown.png1664712826916.png [32m200[0m 1.876 ms - 618145[0m
[0mOPTIONS /api/sauces [32m200[0m 5.112 ms - 13[0m
[0mPOST /api/sauces [32m201[0m 35.878 ms - 2[0m
[0mGET /api/sauces [32m200[0m 51.015 ms - 1212[0m
[0mGET /images/encrypt.png1664712880158.png [32m200[0m 4.869 ms - 1253621[0m
[0mOPTIONS /api/sauces [32m200[0m 5.094 ms - 13[0m
[0mPOST /api/sauces [32m201[0m 39.498 ms - 12[0m
[0mGET /api/sauces [32m200[0m 92.792 ms - 1514[0m
[0mGET /images/encrypt.png1664712920597.png [32m200[0m 4.674 ms - 1253621[0m
[0mOPTIONS /api/sauces [32m200[0m 4.904 ms - 13[0m
[0mPOST /api/sauces [32m201[0m 38.820 ms - 2[0m
[0mGET /api/sauces [32m200[0m 54.557 ms - 1822[0m
[0mGET /images/encrypt.png1664712963535.png [32m200[0m 4.934 ms - 1253621[0m
[0mOPTIONS /api/sauces [32m200[0m 5.335 ms - 13[0m
[0mPOST /api/sauces [33m400[0m 30.518 ms - 29[0m
[0mOPTIONS /api/sauces [32m200[0m 4.843 ms - 13[0m
[0mPOST /api/sauces [32m201[0m 93.590 ms - 293[0m
[0mGET /api/sauces [32m200[0m 56.863 ms - 2410[0m
[0mGET /images/unknown.png1664713310644.png [32m200[0m 5.848 ms - 618145[0m
[0mGET /images/unknown.png1664713353623.png [32m200[0m 4.395 ms - 618145[0m
[0mOPTIONS /api/sauces/633861944fd23a912dcf4336 [32m200[0m 5.500 ms - 19[0m
[0mGET /api/sauces/633861944fd23a912dcf4336 [32m200[0m 54.893 ms - 303[0m
[0mOPTIONS /api/sauces [32m200[0m 0.755 ms - 13[0m
[0mGET /api/sauces [36m304[0m 48.335 ms - -[0m
[0mOPTIONS /api/sauces/6339807a617791277416d93d [32m200[0m 0.638 ms - 19[0m
[0mGET /api/sauces/6339807a617791277416d93d [32m200[0m 38.205 ms - 303[0m
[0mGET /api/sauces/6339807a617791277416d93d [36m304[0m 38.711 ms - -[0m
[0mDELETE /api/sauces/6339807a617791277416d93d [32m200[0m 37.955 ms - 27[0m
[0mGET /api/sauces [32m200[0m 42.350 ms - 2106[0m
[0mOPTIONS /api/sauces/633980b0434b11337c882993 [32m200[0m 1.100 ms - 19[0m
[0mGET /api/sauces/633980b0434b11337c882993 [32m200[0m 37.405 ms - 294[0m
[0mGET /api/sauces/633980b0434b11337c882993 [36m304[0m 37.182 ms - -[0m
[0mDELETE /api/sauces/633980b0434b11337c882993 [32m200[0m 38.262 ms - 27[0m
[0mGET /api/sauces [32m200[0m 40.883 ms - 1811[0m
[0mOPTIONS /api/sauces/633980d8df240634a4aa5784 [32m200[0m 0.499 ms - 19[0m
[0mGET /api/sauces/633980d8df240634a4aa5784 [32m200[0m 37.172 ms - 301[0m
[0mGET /api/sauces/633980d8df240634a4aa5784 [36m304[0m 39.271 ms - -[0m
[0mDELETE /api/sauces/633980d8df240634a4aa5784 [32m200[0m 37.412 ms - 27[0m
[0mOPTIONS /api/sauces [32m200[0m 0.617 ms - 13[0m
[0mGET /api/sauces [32m200[0m 39.502 ms - 1509[0m
[0mOPTIONS /api/sauces/633981030e403996053b0981 [32m200[0m 0.510 ms - 19[0m
[0mGET /api/sauces/633981030e403996053b0981 [32m200[0m 36.631 ms - 307[0m
[0mGET /api/sauces/633981030e403996053b0981 [36m304[0m 37.760 ms - -[0m
[0mDELETE /api/sauces/633981030e403996053b0981 [32m200[0m 35.889 ms - 27[0m
[0mGET /api/sauces [32m200[0m 38.140 ms - 1201[0m
[0mOPTIONS /api/sauces/6339825e2b0ae6ed807dc2b9 [32m200[0m 0.583 ms - 19[0m
[0mGET /api/sauces/6339825e2b0ae6ed807dc2b9 [32m200[0m 39.485 ms - 293[0m
[0mGET /api/sauces/6339825e2b0ae6ed807dc2b9 [36m304[0m 36.282 ms - -[0m
[0mDELETE /api/sauces/6339825e2b0ae6ed807dc2b9 [32m200[0m 36.044 ms - 27[0m
[0mOPTIONS /api/sauces [32m200[0m 0.837 ms - 13[0m
[0mGET /api/sauces [32m200[0m 79.721 ms - 907[0m
[0mOPTIONS /api/sauces/6339828949ff88503ebf845c [32m200[0m 0.766 ms - 19[0m
[0mGET /api/sauces/6339828949ff88503ebf845c [32m200[0m 36.967 ms - 293[0m
[0mGET /api/sauces/6339828949ff88503ebf845c [36m304[0m 36.777 ms - -[0m
[0mDELETE /api/sauces/6339828949ff88503ebf845c [32m200[0m 35.556 ms - 27[0m
[0mGET /api/sauces [32m200[0m 36.420 ms - 613[0m
[0mOPTIONS /api/sauces/6339804b6399d1d2579a7cfc [32m200[0m 0.366 ms - 19[0m
[0mGET /api/sauces/6339804b6399d1d2579a7cfc [32m200[0m 36.351 ms - 307[0m
[0mGET /api/sauces/6339804b6399d1d2579a7cfc [36m304[0m 36.203 ms - -[0m
[0mDELETE /api/sauces/6339804b6399d1d2579a7cfc [32m200[0m 36.137 ms - 27[0m
[0mGET /api/sauces [32m200[0m 36.581 ms - 305[0m
[0mOPTIONS /api/sauces [32m200[0m 0.358 ms - 13[0m
[0mPOST /api/sauces [32m201[0m 80.152 ms - 340[0m
[0mGET /api/sauces [32m200[0m 36.718 ms - 610[0m
[0mGET /images/unknown.png1664713472686.png [32m200[0m 5.165 ms - 618145[0m
[0mOPTIONS /api/sauces [32m200[0m 5.240 ms - 13[0m
[0mPOST /api/sauces [32m201[0m 90.133 ms - 342[0m
[0mGET /api/sauces [32m200[0m 49.763 ms - 917[0m
[0mGET /images/unknown.png1664713774132.png [32m200[0m 4.358 ms - 618145[0m
[0mPOST /api/auth/login [32m201[0m 282.780 ms - 249[0m
[0mPOST / [33m404[0m 1.654 ms - 140[0m
[0mPOST / [33m404[0m 0.911 ms - 140[0m
[0mPOST / [33m404[0m 0.629 ms - 140[0m
[0mPOST /api/sauces [33m400[0m 2.090 ms - 29[0m
[0mPOST /api/sauces [33m400[0m 2.495 ms - 29[0m
[0mPOST /api/sauces [33m400[0m 2.676 ms - 29[0m
[0mPOST /api/sauces [33m400[0m 1.932 ms - 29[0m
[0mOPTIONS /api/sauces [32m200[0m 5.063 ms - 13[0m
[0mPOST /api/sauces [32m201[0m 87.967 ms - 341[0m
[0mGET /api/sauces [32m200[0m 51.885 ms - 1223[0m
[0mGET /images/unknown.png1664714643193.png [32m200[0m 4.599 ms - 618145[0m
[0mOPTIONS /api/sauces [32m200[0m 5.115 ms - 13[0m
[0mPOST /api/sauces [32m201[0m 91.806 ms - 327[0m
[0mGET /api/sauces [32m200[0m 51.078 ms - 1515[0m
[0mGET /images/encrypt.png1664714686642.png [32m200[0m 4.367 ms - 1253621[0m
[0mPOST /api/sauces [33m400[0m 11.439 ms - 29[0m
[0mOPTIONS /api/sauces/633983008fbb5a27f0354f94 [32m200[0m 4.871 ms - 19[0m
[0mGET /api/sauces/633983008fbb5a27f0354f94 [32m200[0m 91.362 ms - 304[0m
[0mGET /api/sauces/633983008fbb5a27f0354f94 [36m304[0m 39.270 ms - -[0m
[0mDELETE /api/sauces/633983008fbb5a27f0354f94 [32m204[0m 37.462 ms - -[0m
[0mOPTIONS /api/sauces [32m200[0m 0.756 ms - 13[0m
[0mGET /api/sauces [32m200[0m 41.124 ms - 1210[0m
[0mOPTIONS /api/sauces/63398793bf787e0e53a0d2cd [32m200[0m 0.927 ms - 19[0m
[0mGET /api/sauces/63398793bf787e0e53a0d2cd [32m200[0m 38.209 ms - 305[0m
[0mGET /api/sauces/63398793bf787e0e53a0d2cd [36m304[0m 37.995 ms - -[0m
[0mDELETE /api/sauces/63398793bf787e0e53a0d2cd [32m204[0m 36.609 ms - -[0m
[0mGET /api/sauces [32m200[0m 39.666 ms - 904[0m
[0mOPTIONS /api/sauces/633987bee25835fed7b7b168 [32m200[0m 0.922 ms - 19[0m
[0mGET /api/sauces/633987bee25835fed7b7b168 [32m200[0m 37.595 ms - 291[0m
[0mGET /api/sauces/633987bee25835fed7b7b168 [36m304[0m 36.924 ms - -[0m
[0mDELETE /api/sauces/633987bee25835fed7b7b168 [32m204[0m 38.482 ms - -[0m
[0mGET /api/sauces [32m200[0m 37.721 ms - 612[0m
[0mOPTIONS /api/sauces/6339842e432f030d4a9ab651 [32m200[0m 0.575 ms - 19[0m
[0mGET /api/sauces/6339842e432f030d4a9ab651 [32m200[0m 36.554 ms - 306[0m
[0mGET /api/sauces/6339842e432f030d4a9ab651 [36m304[0m 36.533 ms - -[0m
[0mDELETE /api/sauces/6339842e432f030d4a9ab651 [32m204[0m 36.692 ms - -[0m
[0mOPTIONS /api/sauces [32m200[0m 0.412 ms - 13[0m
[0mGET /api/sauces [32m200[0m 34.673 ms - 305[0m
[0mOPTIONS /api/sauces/633861944fd23a912dcf4336 [32m200[0m 0.450 ms - 19[0m
[0mGET /api/sauces/633861944fd23a912dcf4336 [36m304[0m 36.494 ms - -[0m
[0mGET /api/sauces/633861944fd23a912dcf4336 [36m304[0m 36.824 ms - -[0m
[0mOPTIONS /api/sauces/633861944fd23a912dcf4336/like [32m200[0m 0.358 ms - 4[0m
[0mPOST /api/sauces/633861944fd23a912dcf4336/like [32m201[0m 54.581 ms - 19[0m
[0mOPTIONS /api/sauces [32m200[0m 0.392 ms - 13[0m
[0mPOST /api/sauces [32m201[0m 76.686 ms - 330[0m
[0mGET /api/sauces [32m200[0m 37.232 ms - 627[0m
[0mGET /images/unknown.png1664716337151.png [32m200[0m 4.039 ms - 618145[0m
[0mOPTIONS /api/auth/login [32m200[0m 4.666 ms - 4[0m
[0mPOST /api/auth/login [33m401[0m 66.094 ms - 28[0m
[0mOPTIONS /api/auth/signup [32m200[0m 4.891 ms - 4[0m
[0mPOST /api/auth/signup [32m201[0m 290.586 ms - 28[0m
[0mOPTIONS /api/auth/login [32m200[0m 0.802 ms - 4[0m
[0mPOST /api/auth/login [32m201[0m 169.341 ms - 249[0m
[0mOPTIONS /api/sauces [32m200[0m 0.910 ms - 13[0m
[0mGET /api/sauces [32m200[0m 39.700 ms - 2[0m
[0mOPTIONS /api/auth/login [32m200[0m 0.669 ms - 4[0m
[0mPOST /api/auth/login [32m201[0m 161.540 ms - 249[0m
[0mOPTIONS /api/sauces [32m200[0m 0.854 ms - 13[0m
[0mGET /api/sauces [36m304[0m 35.522 ms - -[0m
[0mOPTIONS /api/auth/login [32m200[0m 4.972 ms - 4[0m
[0mPOST /api/auth/login [33m401[0m 95.308 ms - 28[0m
[0mOPTIONS /api/auth/signup [32m200[0m 0.761 ms - 4[0m
[0mPOST /api/auth/signup [32m201[0m 262.016 ms - 28[0m
[0mOPTIONS /api/auth/login [32m200[0m 0.642 ms - 4[0m
[0mPOST /api/auth/login [32m201[0m 165.534 ms - 249[0m
[0mOPTIONS /api/sauces [32m200[0m 1.165 ms - 13[0m
[0mGET /api/sauces [32m200[0m 83.890 ms - 2[0m
[0mOPTIONS /api/sauces [32m200[0m 0.842 ms - 13[0m
[0mPOST /api/sauces [32m201[0m 65.965 ms - 329[0m
[0mGET /api/sauces [32m200[0m 37.199 ms - 295[0m
[0mGET /images/unknown.png1664719966658.png [32m200[0m 4.197 ms - 618145[0m
[0mOPTIONS /api/sauces/63399c5ef5b15526fd7e1b6d [32m200[0m 0.860 ms - 19[0m
[0mGET /api/sauces/63399c5ef5b15526fd7e1b6d [32m200[0m 42.015 ms - 293[0m
[0mGET /api/sauces/63399c5ef5b15526fd7e1b6d [36m304[0m 37.931 ms - -[0m
[0mGET /api/sauces/63399c5ef5b15526fd7e1b6d [36m304[0m 38.435 ms - -[0m
[0mOPTIONS /api/sauces/63399c5ef5b15526fd7e1b6d [32m200[0m 0.454 ms - 19[0m
[0mPUT /api/sauces/63399c5ef5b15526fd7e1b6d [33m401[0m 41.622 ms - 28[0m
[0mOPTIONS /api/auth/signup [32m200[0m 4.772 ms - 4[0m
[0mPOST /api/auth/signup [32m201[0m 286.896 ms - 28[0m
[0mOPTIONS /api/auth/login [32m200[0m 0.786 ms - 4[0m
[0mPOST /api/auth/login [32m201[0m 168.786 ms - 249[0m
[0mOPTIONS /api/sauces [32m200[0m 0.859 ms - 13[0m
[0mGET /api/sauces [32m200[0m 41.009 ms - 295[0m
[0mGET /images/unknown.png1664719966658.png [32m200[0m 4.119 ms - 618145[0m
[0mOPTIONS /api/sauces/63399c5ef5b15526fd7e1b6d [32m200[0m 0.978 ms - 19[0m
[0mGET /api/sauces/63399c5ef5b15526fd7e1b6d [32m200[0m 39.065 ms - 293[0m
[0mOPTIONS /api/auth/login [32m200[0m 0.628 ms - 4[0m
[0mPOST /api/auth/login [32m201[0m 165.040 ms - 249[0m
[0mOPTIONS /api/sauces [32m200[0m 0.685 ms - 13[0m
[0mGET /api/sauces [32m200[0m 35.479 ms - 2[0m
[0mOPTIONS /api/sauces [32m200[0m 0.660 ms - 13[0m
[0mPOST /api/sauces [32m201[0m 62.903 ms - 339[0m
[0mGET /api/sauces [32m200[0m 36.383 ms - 305[0m
[0mGET /images/devlife.PNG1664720329609.png [32m200[0m 1.456 ms - 144272[0m
[0mOPTIONS /api/sauces/63399dc9fb5493842cbe84b5 [32m200[0m 0.502 ms - 19[0m
[0mGET /api/sauces/63399dc9fb5493842cbe84b5 [32m200[0m 37.090 ms - 303[0m
[0mGET /api/sauces/63399dc9fb5493842cbe84b5 [36m304[0m 38.760 ms - -[0m
[0mOPTIONS /api/sauces/63399dc9fb5493842cbe84b5/like [32m200[0m 0.506 ms - 4[0m
[0mPOST /api/sauces/63399dc9fb5493842cbe84b5/like [32m201[0m 40.283 ms - 19[0m
[0mPOST /api/sauces/63399dc9fb5493842cbe84b5/like [32m201[0m 38.414 ms - 19[0m
[0mOPTIONS /api/sauces/63399dc9fb5493842cbe84b5/like [32m200[0m 0.461 ms - 4[0m
[0mPOST /api/sauces/63399dc9fb5493842cbe84b5/like [32m201[0m 37.654 ms - 19[0m
[0mPOST /api/sauces/63399dc9fb5493842cbe84b5/like [32m201[0m 43.305 ms - 19[0m
[0mOPTIONS /api/sauces/63399dc9fb5493842cbe84b5 [32m200[0m 0.479 ms - 19[0m
[0mGET /api/sauces/63399dc9fb5493842cbe84b5 [36m304[0m 36.977 ms - -[0m
[0mPUT /api/sauces/63399dc9fb5493842cbe84b5 [33m401[0m 40.803 ms - 28[0m
[0mOPTIONS /api/sauces/63399dc9fb5493842cbe84b5 [32m200[0m 4.897 ms - 19[0m
[0mPUT /api/sauces/63399dc9fb5493842cbe84b5 [33m401[0m 71.431 ms - 28[0m
[0mOPTIONS /api/sauces/63399dc9fb5493842cbe84b5 [32m200[0m 5.553 ms - 19[0m
[0mPUT /api/sauces/63399dc9fb5493842cbe84b5 [33m401[0m 469.174 ms - 28[0m
[0mOPTIONS /api/sauces/63399dc9fb5493842cbe84b5 [32m200[0m 4.897 ms - 19[0m
[0mPUT /api/sauces/63399dc9fb5493842cbe84b5 [33m401[0m 70.731 ms - 28[0m
[0mOPTIONS /api/sauces/63399dc9fb5493842cbe84b5 [32m200[0m 4.980 ms - 19[0m
[0mPUT /api/sauces/63399dc9fb5493842cbe84b5 [32m200[0m 92.955 ms - 28[0m
[0mOPTIONS /api/sauces [32m200[0m 0.944 ms - 13[0m
[0mGET /api/sauces [36m304[0m 39.696 ms - -[0m
[0mOPTIONS /api/sauces/63399dc9fb5493842cbe84b5 [32m200[0m 4.860 ms - 19[0m
[0mGET /api/sauces/63399dc9fb5493842cbe84b5 [32m200[0m 297.964 ms - 303[0m
[0mGET /api/sauces/63399dc9fb5493842cbe84b5 [36m304[0m 41.338 ms - -[0m
[0mGET /api/sauces/63399dc9fb5493842cbe84b5 [36m304[0m 38.956 ms - -[0m
[0mPUT /api/sauces/63399dc9fb5493842cbe84b5 [32m200[0m 64.323 ms - 28[0m
[0mOPTIONS /api/sauces [32m200[0m 0.854 ms - 13[0m
[0mGET /api/sauces [36m304[0m 41.221 ms - -[0m
[0mOPTIONS /api/sauces/63399dc9fb5493842cbe84b5 [32m200[0m 7.579 ms - 19[0m
[0mGET /api/sauces/63399dc9fb5493842cbe84b5 [32m200[0m 768.204 ms - 303[0m
[0mOPTIONS /api/sauces [32m200[0m 5.055 ms - 13[0m
[0mGET /api/sauces [36m304[0m 53.010 ms - -[0m
[0mOPTIONS /api/sauces/63399dc9fb5493842cbe84b5 [32m200[0m 1.294 ms - 19[0m
[0mGET /api/sauces/63399dc9fb5493842cbe84b5 [36m304[0m 41.121 ms - -[0m
[0mGET /api/sauces/63399dc9fb5493842cbe84b5 [36m304[0m 38.962 ms - -[0m
[0mGET /api/sauces/63399dc9fb5493842cbe84b5 [36m304[0m 38.671 ms - -[0m
[0mPUT /api/sauces/63399dc9fb5493842cbe84b5 [32m200[0m 68.760 ms - 28[0m
[0mOPTIONS /api/auth/login [32m200[0m 5.673 ms - 4[0m
[0mPOST /api/auth/login [32m201[0m 234.119 ms - 249[0m
[0mOPTIONS /api/sauces [32m200[0m 1.387 ms - 13[0m
[0mGET /api/sauces [36m304[0m 43.803 ms - -[0m
[0mGET /images/devlife.PNG1664720329609.png [36m304[0m 2.965 ms - -[0m
[0mOPTIONS /api/sauces/63399dc9fb5493842cbe84b5 [32m200[0m 0.970 ms - 19[0m
[0mGET /api/sauces/63399dc9fb5493842cbe84b5 [32m200[0m 40.036 ms - 303[0m
[0mOPTIONS /api/sauces/63399dc9fb5493842cbe84b5 [32m200[0m 5.060 ms - 19[0m
[0mGET /api/sauces/63399dc9fb5493842cbe84b5 [36m304[0m 53.935 ms - -[0m
[0mGET /api/sauces/63399dc9fb5493842cbe84b5 [36m304[0m 117.434 ms - -[0m
[0mPUT /api/sauces/63399dc9fb5493842cbe84b5 [32m200[0m 63.000 ms - 28[0m
[0mOPTIONS /api/sauces [32m200[0m 0.877 ms - 13[0m
[0mGET /api/sauces [32m200[0m 38.859 ms - 309[0m
[0mOPTIONS /api/sauces/63399dc9fb5493842cbe84b5 [32m200[0m 4.950 ms - 19[0m
[0mGET /api/sauces/63399dc9fb5493842cbe84b5 [32m200[0m 57.274 ms - 307[0m
[0mOPTIONS /api/sauces/63399dc9fb5493842cbe84b5 [32m200[0m 6.222 ms - 19[0m
[0mGET /api/sauces/63399dc9fb5493842cbe84b5 [36m304[0m 643.265 ms - -[0m
[0mGET /api/sauces/63399dc9fb5493842cbe84b5 [36m304[0m 38.090 ms - -[0m
[0mOPTIONS /api/sauces/63399dc9fb5493842cbe84b5 [32m200[0m 1.636 ms - 19[0m
[0mPUT /api/sauces/63399dc9fb5493842cbe84b5 [33m401[0m 60.711 ms - 28[0m
[0mOPTIONS /api/sauces/63399dc9fb5493842cbe84b5 [32m200[0m 4.963 ms - 19[0m
[0mPUT /api/sauces/63399dc9fb5493842cbe84b5 [33m401[0m 73.632 ms - 28[0m
[0mOPTIONS /api/sauces/63399dc9fb5493842cbe84b5 [32m200[0m 4.986 ms - 19[0m
[0mPUT /api/sauces/63399dc9fb5493842cbe84b5 [33m401[0m 71.305 ms - 28[0m
[0mOPTIONS /api/sauces/63399dc9fb5493842cbe84b5 [32m200[0m 5.125 ms - 19[0m
[0mPUT /api/sauces/63399dc9fb5493842cbe84b5 [33m401[0m 73.359 ms - 28[0m
[0mOPTIONS /api/sauces/63399dc9fb5493842cbe84b5 [32m200[0m 4.918 ms - 19[0m
[0mPUT /api/sauces/63399dc9fb5493842cbe84b5 [32m200[0m 79.632 ms - 28[0m
[0mOPTIONS /api/sauces [32m200[0m 0.885 ms - 13[0m
[0mGET /api/sauces [36m304[0m 42.236 ms - -[0m
[0mOPTIONS /api/sauces/63399dc9fb5493842cbe84b5 [32m200[0m 5.478 ms - 19[0m
[0mGET /api/sauces/63399dc9fb5493842cbe84b5 [32m200[0m 454.741 ms - 307[0m
[0mGET /api/sauces/63399dc9fb5493842cbe84b5 [36m304[0m 41.889 ms - -[0m
[0mGET /api/sauces/63399dc9fb5493842cbe84b5 [36m304[0m 37.472 ms - -[0m
[0mOPTIONS /api/sauces/63399dc9fb5493842cbe84b5 [32m200[0m 0.829 ms - 19[0m
[0mPUT /api/sauces/63399dc9fb5493842cbe84b5 [32m200[0m 59.837 ms - 28[0m
[0mOPTIONS /api/sauces [32m200[0m 0.824 ms - 13[0m
[0mGET /api/sauces [32m200[0m 38.375 ms - 312[0m
[0mOPTIONS /api/sauces/63399dc9fb5493842cbe84b5 [32m200[0m 4.925 ms - 19[0m
[0mGET /api/sauces/63399dc9fb5493842cbe84b5 [32m200[0m 55.725 ms - 310[0m
[0mGET /api/sauces/63399dc9fb5493842cbe84b5 [36m304[0m 39.176 ms - -[0m
[0mGET /api/sauces/63399dc9fb5493842cbe84b5 [36m304[0m 44.860 ms - -[0m
[0mOPTIONS /api/sauces/63399dc9fb5493842cbe84b5 [32m200[0m 0.997 ms - 19[0m
[0mPUT /api/sauces/63399dc9fb5493842cbe84b5 [32m200[0m 66.103 ms - 28[0m
[0mOPTIONS /api/sauces [32m200[0m 1.118 ms - 13[0m
[0mGET /api/sauces [32m200[0m 38.297 ms - 312[0m
[0mGET /images/encrypt.png1664724387555.png [32m200[0m 4.581 ms - 1253621[0m
[0mOPTIONS /api/sauces/63399dc9fb5493842cbe84b5 [32m200[0m 0.673 ms - 19[0m
[0mGET /api/sauces/63399dc9fb5493842cbe84b5 [32m200[0m 37.171 ms - 310[0m
[0mGET /api/sauces/63399dc9fb5493842cbe84b5 [36m304[0m 43.077 ms - -[0m
[0mOPTIONS /api/sauces/63399dc9fb5493842cbe84b5/like [32m200[0m 0.667 ms - 4[0m
[0mPOST /api/sauces/63399dc9fb5493842cbe84b5/like [32m201[0m 55.166 ms - 19[0m
[0mOPTIONS /api/auth/signup [32m200[0m 4.756 ms - 4[0m
[0mPOST /api/auth/signup [32m201[0m 353.589 ms - 28[0m
[0mOPTIONS /api/auth/login [32m200[0m 1.048 ms - 4[0m
[0mPOST /api/auth/login [32m201[0m 211.215 ms - 249[0m
[0mOPTIONS /api/sauces [32m200[0m 1.402 ms - 13[0m
[0mGET /api/sauces [32m200[0m 50.671 ms - 2[0m
[0mOPTIONS /api/sauces [32m200[0m 0.913 ms - 13[0m
[0mPOST /api/sauces [32m201[0m 67.508 ms - 334[0m
[0mGET /api/sauces [32m200[0m 39.215 ms - 300[0m
[0mGET /images/unknown.png1664724615384.png [32m200[0m 4.538 ms - 618145[0m
[0mOPTIONS /api/sauces/6339ae87272cf31115be39c7 [32m200[0m 0.910 ms - 19[0m
[0mGET /api/sauces/6339ae87272cf31115be39c7 [32m200[0m 41.500 ms - 298[0m
[0mGET /api/sauces/6339ae87272cf31115be39c7 [36m304[0m 36.913 ms - -[0m
[0mGET /api/sauces/6339ae87272cf31115be39c7 [36m304[0m 39.781 ms - -[0m
[0mOPTIONS /api/sauces/6339ae87272cf31115be39c7 [32m200[0m 0.454 ms - 19[0m
[0mPUT /api/sauces/6339ae87272cf31115be39c7 [32m200[0m 42.447 ms - 28[0m
[0mOPTIONS /api/sauces [32m200[0m 0.473 ms - 13[0m
[0mGET /api/sauces [32m200[0m 36.935 ms - 302[0m
[0mGET /images/devlife.PNG1664724630307.png [32m200[0m 1.619 ms - 144272[0m
[0mOPTIONS /api/auth/login [32m200[0m 0.400 ms - 4[0m
[0mPOST /api/auth/login [32m201[0m 162.532 ms - 249[0m
[0mOPTIONS /api/sauces [32m200[0m 0.482 ms - 13[0m
[0mGET /api/sauces [32m200[0m 35.472 ms - 2[0m
[0mOPTIONS /api/sauces [32m200[0m 0.459 ms - 13[0m
[0mPOST /api/sauces [32m201[0m 55.193 ms - 331[0m
[0mGET /api/sauces [32m200[0m 37.562 ms - 297[0m
[0mGET /images/unknown.png1664724683013.png [32m200[0m 1.067 ms - 618145[0m
[0mOPTIONS /api/sauces [32m200[0m 5.182 ms - 13[0m
[0mPOST /api/sauces [32m201[0m 80.489 ms - 304[0m
[0mGET /api/sauces [32m200[0m 48.856 ms - 566[0m
[0mOPTIONS /api/auth/login [32m200[0m 5.042 ms - 4[0m
[0mPOST /api/auth/login [32m201[0m 225.306 ms - 249[0m
[0mOPTIONS /api/sauces [32m200[0m 1.279 ms - 13[0m
[0mGET /api/sauces [36m304[0m 53.153 ms - -[0m
[0mGET /images/unknown.png1664724683013.png [36m304[0m 3.409 ms - -[0m
[0mOPTIONS /api/auth/login [32m200[0m 4.909 ms - 4[0m
[0mPOST /api/auth/login [32m201[0m 222.416 ms - 249[0m
[0mOPTIONS /api/sauces [32m200[0m 1.141 ms - 13[0m
[0mGET /api/sauces [36m304[0m 83.536 ms - -[0m
[0mGET /images/unknown.png1664724683013.png [36m304[0m 4.425 ms - -[0m
[0mOPTIONS /api/auth/login [32m200[0m 4.739 ms - 4[0m
[0mPOST /api/auth/login [32m201[0m 281.429 ms - 249[0m
[0mOPTIONS /api/sauces [32m200[0m 1.077 ms - 13[0m
[0mGET /api/sauces [36m304[0m 123.590 ms - -[0m
[0mGET /images/unknown.png1664724683013.png [36m304[0m 7.853 ms - -[0m
[0mOPTIONS /api/auth/login [32m200[0m 4.880 ms - 4[0m
[0mPOST /api/auth/login [32m201[0m 221.366 ms - 249[0m
[0mOPTIONS /api/sauces [32m200[0m 1.261 ms - 13[0m
[0mGET /api/sauces [36m304[0m 56.120 ms - -[0m
[0mGET /images/unknown.png1664724683013.png [36m304[0m 4.248 ms - -[0m
[0mOPTIONS /api/auth/login [32m200[0m 4.950 ms - 4[0m
[0mPOST /api/auth/login [32m201[0m 221.308 ms - 249[0m
[0mOPTIONS /api/sauces [32m200[0m 1.258 ms - 13[0m
[0mGET /api/sauces [36m304[0m 44.063 ms - -[0m
[0mGET /images/unknown.png1664724683013.png [36m304[0m 3.064 ms - -[0m
[0mOPTIONS /api/auth/login [32m200[0m 5.131 ms - 4[0m
[0mPOST /api/auth/login [32m201[0m 241.201 ms - 249[0m
[0mOPTIONS /api/sauces [32m200[0m 1.138 ms - 13[0m
[0mGET /api/sauces [36m304[0m 47.697 ms - -[0m
[0mGET /images/unknown.png1664724683013.png [36m304[0m 2.913 ms - -[0m
[0mOPTIONS /api/auth/login [32m200[0m 4.911 ms - 4[0m
[0mPOST /api/auth/login [32m201[0m 225.151 ms - 249[0m
[0mOPTIONS /api/sauces [32m200[0m 1.262 ms - 13[0m
[0mGET /api/sauces [36m304[0m 55.608 ms - -[0m
[0mGET /images/unknown.png1664724683013.png [36m304[0m 4.075 ms - -[0m
[0mOPTIONS /api/auth/login [32m200[0m 4.828 ms - 4[0m
[0mPOST /api/auth/login [32m201[0m 223.533 ms - 249[0m
[0mOPTIONS /api/sauces [32m200[0m 1.195 ms - 13[0m
[0mGET /api/sauces [36m304[0m 53.976 ms - -[0m
[0mGET /images/unknown.png1664724683013.png [36m304[0m 3.310 ms - -[0m
[0mOPTIONS /api/auth/login [32m200[0m 4.943 ms - 4[0m
[0mPOST /api/auth/login [32m201[0m 224.313 ms - 249[0m
[0mOPTIONS /api/sauces [32m200[0m 1.147 ms - 13[0m
[0mGET /api/sauces [36m304[0m 58.261 ms - -[0m
[0mGET /images/unknown.png1664724683013.png [36m304[0m 3.850 ms - -[0m
[0mOPTIONS /api/sauces/6339b007ebcda98325a52937 [32m200[0m 5.471 ms - 19[0m
[0mGET /api/sauces/6339b007ebcda98325a52937 [32m200[0m 743.884 ms - 268[0m
[0mOPTIONS /api/sauces [32m200[0m 0.912 ms - 13[0m
[0mGET /api/sauces [36m304[0m 56.073 ms - -[0m
[0mOPTIONS /api/sauces/6339b007ebcda98325a52937 [32m200[0m 0.830 ms - 19[0m
[0mGET /api/sauces/6339b007ebcda98325a52937 [36m304[0m 38.446 ms - -[0m
[0mOPTIONS /api/sauces [32m200[0m 1.114 ms - 13[0m
[0mGET /api/sauces [36m304[0m 52.007 ms - -[0m
[0mOPTIONS /api/auth/login [32m200[0m 4.701 ms - 4[0m
[0mPOST /api/auth/login [32m201[0m 221.173 ms - 249[0m
[0mOPTIONS /api/sauces [32m200[0m 1.265 ms - 13[0m
[0mGET /api/sauces [36m304[0m 60.090 ms - -[0m
[0mGET /images/unknown.png1664724683013.png [36m304[0m 2.803 ms - -[0m
[0mOPTIONS /api/auth/login [32m200[0m 4.835 ms - 4[0m
[0mPOST /api/auth/login [32m201[0m 219.430 ms - 249[0m
[0mOPTIONS /api/sauces [32m200[0m 1.297 ms - 13[0m
[0mGET /api/sauces [36m304[0m 55.015 ms - -[0m
[0mGET /images/unknown.png1664724683013.png [36m304[0m 3.885 ms - -[0m
[0mOPTIONS /api/auth/login [32m200[0m 4.920 ms - 4[0m
[0mPOST /api/auth/login [32m201[0m 229.733 ms - 249[0m
[0mOPTIONS /api/sauces [32m200[0m 1.438 ms - 13[0m
[0mGET /api/sauces [36m304[0m 56.455 ms - -[0m
[0mGET /images/unknown.png1664724683013.png [36m304[0m 3.244 ms - -[0m
[0mOPTIONS /api/auth/login [32m200[0m 4.943 ms - 4[0m
[0mPOST /api/auth/login [32m201[0m 224.101 ms - 249[0m
[0mOPTIONS /api/sauces [32m200[0m 1.247 ms - 13[0m
[0mGET /api/sauces [36m304[0m 54.655 ms - -[0m
[0mGET /images/unknown.png1664724683013.png [36m304[0m 3.459 ms - -[0m
[0mOPTIONS /api/auth/login [32m200[0m 4.788 ms - 4[0m
[0mPOST /api/auth/login [32m201[0m 220.603 ms - 249[0m
[0mOPTIONS /api/sauces [32m200[0m 1.158 ms - 13[0m
[0mGET /api/sauces [36m304[0m 53.665 ms - -[0m
[0mGET /images/unknown.png1664724683013.png [36m304[0m 2.861 ms - -[0m
[0mOPTIONS /api/auth/login [32m200[0m 4.799 ms - 4[0m
[0mPOST /api/auth/login [32m201[0m 221.564 ms - 249[0m
[0mOPTIONS /api/sauces [32m200[0m 1.286 ms - 13[0m
[0mGET /api/sauces [36m304[0m 56.429 ms - -[0m
[0mGET /images/unknown.png1664724683013.png [36m304[0m 3.467 ms - -[0m
[0mOPTIONS /api/auth/login [32m200[0m 4.820 ms - 4[0m
[0mPOST /api/auth/login [32m201[0m 223.510 ms - 249[0m
[0mOPTIONS /api/sauces [32m200[0m 1.144 ms - 13[0m
[0mGET /api/sauces [36m304[0m 61.317 ms - -[0m
[0mGET /images/unknown.png1664724683013.png [36m304[0m 3.470 ms - -[0m
[0mOPTIONS /api/auth/login [32m200[0m 4.951 ms - 4[0m
[0mPOST /api/auth/login [32m201[0m 220.083 ms - 249[0m
[0mOPTIONS /api/sauces [32m200[0m 1.313 ms - 13[0m
[0mGET /api/sauces [36m304[0m 55.352 ms - -[0m
[0mGET /images/unknown.png1664724683013.png [36m304[0m 3.687 ms - -[0m
[0mOPTIONS /api/auth/login [32m200[0m 4.883 ms - 4[0m
[0mPOST /api/auth/login [32m201[0m 229.254 ms - 249[0m
[0mOPTIONS /api/sauces [32m200[0m 1.164 ms - 13[0m
[0mGET /api/sauces [36m304[0m 53.507 ms - -[0m
[0mGET /images/unknown.png1664724683013.png [36m304[0m 3.647 ms - -[0m
[0mOPTIONS /api/auth/login [32m200[0m 4.771 ms - 4[0m
[0mPOST /api/auth/login [32m201[0m 224.608 ms - 249[0m
[0mOPTIONS /api/sauces [32m200[0m 1.196 ms - 13[0m
[0mGET /api/sauces [36m304[0m 54.913 ms - -[0m
[0mGET /images/unknown.png1664724683013.png [36m304[0m 3.030 ms - -[0m
[0mOPTIONS /api/auth/login [32m200[0m 5.557 ms - 4[0m
[0mPOST /api/auth/login [32m201[0m 222.078 ms - 249[0m
[0mOPTIONS /api/sauces [32m200[0m 1.292 ms - 13[0m
[0mGET /api/sauces [36m304[0m 53.737 ms - -[0m
[0mGET /images/unknown.png1664724683013.png [36m304[0m 4.163 ms - -[0m
[0mOPTIONS /api/auth/login [32m200[0m 4.742 ms - 4[0m
[0mPOST /api/auth/login [32m201[0m 223.083 ms - 249[0m
[0mOPTIONS /api/sauces [32m200[0m 1.113 ms - 13[0m
[0mGET /api/sauces [36m304[0m 49.895 ms - -[0m
[0mGET /images/unknown.png1664724683013.png [36m304[0m 3.010 ms - -[0m
[0mOPTIONS /api/auth/login [32m200[0m 5.350 ms - 4[0m
[0mPOST /api/auth/login [32m201[0m 218.175 ms - 249[0m
[0mOPTIONS /api/sauces [32m200[0m 1.100 ms - 13[0m
[0mGET /api/sauces [36m304[0m 53.497 ms - -[0m
[0mGET /images/unknown.png1664724683013.png [36m304[0m 3.147 ms - -[0m
[0mOPTIONS /api/auth/login [32m200[0m 4.785 ms - 4[0m
[0mPOST /api/auth/login [32m201[0m 216.479 ms - 249[0m
[0mOPTIONS /api/sauces [32m200[0m 1.081 ms - 13[0m
[0mGET /api/sauces [36m304[0m 133.807 ms - -[0m
[0mGET /images/unknown.png1664724683013.png [36m304[0m 4.061 ms - -[0m
[0mOPTIONS /api/auth/login [32m200[0m 4.640 ms - 4[0m
[0mPOST /api/auth/login [32m201[0m 221.886 ms - 249[0m
[0mOPTIONS /api/sauces [32m200[0m 1.215 ms - 13[0m
[0mGET /api/sauces [36m304[0m 55.449 ms - -[0m
[0mGET /images/unknown.png1664724683013.png [36m304[0m 3.970 ms - -[0m
[0mOPTIONS /api/auth/login [32m200[0m 4.930 ms - 4[0m
[0mPOST /api/auth/login [32m201[0m 225.031 ms - 249[0m
[0mOPTIONS /api/sauces [32m200[0m 1.205 ms - 13[0m
[0mGET /api/sauces [36m304[0m 198.856 ms - -[0m
[0mGET /images/unknown.png1664724683013.png [36m304[0m 3.143 ms - -[0m
[0mOPTIONS /api/sauces [32m200[0m 0.972 ms - 13[0m
[0mPOST /api/sauces [32m201[0m 75.887 ms - 310[0m
[0mGET /api/sauces [32m200[0m 184.308 ms - 841[0m
[0mOPTIONS /api/sauces [32m200[0m 5.007 ms - 13[0m
[0mPOST /api/sauces [32m201[0m 84.125 ms - 318[0m
[0mGET /api/sauces [32m200[0m 49.990 ms - 1124[0m
[0mOPTIONS /api/sauces [32m200[0m 5.172 ms - 13[0m
[0mPOST /api/sauces [32m201[0m 102.386 ms - 315[0m
[0mGET /api/sauces [32m200[0m 56.808 ms - 1404[0m
[0mOPTIONS /api/sauces [32m200[0m 5.417 ms - 13[0m
[0mOPTIONS /api/auth/login [32m200[0m 5.192 ms - 4[0m
[0mPOST /api/auth/login [32m201[0m 3259.591 ms - 249[0m
[0mOPTIONS /api/sauces [32m200[0m 1.158 ms - 13[0m
[0mGET /api/sauces [32m200[0m 98.517 ms - 1954[0m
[0mOPTIONS /api/sauces [32m200[0m 1.065 ms - 13[0m
[0mPOST /api/sauces [33m400[0m 200.581 ms - 29[0m
[0mOPTIONS /api/sauces [32m200[0m 7.377 ms - 13[0m
[0mOPTIONS /api/sauces [32m200[0m 5.041 ms - 13[0m
[0mOPTIONS /api/sauces [32m200[0m 4.994 ms - 13[0m
[0mPOST /api/sauces [32m201[0m 1164.792 ms - 334[0m
[0mOPTIONS /api/sauces [32m200[0m 1.814 ms - 13[0m
[0mGET /api/sauces [32m200[0m 87.182 ms - 3900[0m
[0mOPTIONS /api/sauces/6339b7b74b4a63ec95b1ec68 [32m200[0m 1.022 ms - 19[0m
[0mGET /api/sauces/6339b7b74b4a63ec95b1ec68 [32m200[0m 40.265 ms - 274[0m
[0mGET /api/sauces/6339b7b74b4a63ec95b1ec68 [36m304[0m 36.974 ms - -[0m
[0mDELETE /api/sauces/6339b7b74b4a63ec95b1ec68 [32m204[0m 37.279 ms - -[0m
[0mOPTIONS /api/sauces [32m200[0m 0.446 ms - 13[0m
[0mGET /api/sauces [32m200[0m 45.933 ms - 3625[0m
[0mOPTIONS /api/sauces/6339b817410b340407593025 [32m200[0m 0.855 ms - 19[0m
[0mGET /api/sauces/6339b817410b340407593025 [32m200[0m 38.591 ms - 282[0m
[0mGET /api/sauces/6339b817410b340407593025 [36m304[0m 41.136 ms - -[0m
[0mDELETE /api/sauces/6339b817410b340407593025 [32m204[0m 46.877 ms - -[0m
[0mGET /api/sauces [32m200[0m 49.555 ms - 3342[0m
[0mOPTIONS /api/sauces/6339b8571fd2c812223e4e16 [32m200[0m 1.164 ms - 19[0m
[0mGET /api/sauces/6339b8571fd2c812223e4e16 [32m200[0m 38.426 ms - 279[0m
[0mGET /api/sauces/6339b8571fd2c812223e4e16 [36m304[0m 38.736 ms - -[0m
[0mDELETE /api/sauces/6339b8571fd2c812223e4e16 [32m204[0m 39.159 ms - -[0m
[0mGET /api/sauces [32m200[0m 45.225 ms - 3062[0m
[0mOPTIONS /api/sauces/6339b8a6308b9deea55be7e7 [32m200[0m 0.655 ms - 19[0m
[0mGET /api/sauces/6339b8a6308b9deea55be7e7 [32m200[0m 36.902 ms - 274[0m
[0mGET /api/sauces/6339b8a6308b9deea55be7e7 [36m304[0m 36.832 ms - -[0m
[0mDELETE /api/sauces/6339b8a6308b9deea55be7e7 [32m204[0m 38.536 ms - -[0m
[0mOPTIONS /api/sauces [32m200[0m 0.440 ms - 13[0m
[0mGET /api/sauces [32m200[0m 44.609 ms - 2787[0m
[0mOPTIONS /api/sauces/6339b007ebcda98325a52937 [32m200[0m 0.428 ms - 19[0m
[0mGET /api/sauces/6339b007ebcda98325a52937 [36m304[0m 73.018 ms - -[0m
[0mGET /api/sauces/6339b007ebcda98325a52937 [36m304[0m 38.336 ms - -[0m
[0mDELETE /api/sauces/6339b007ebcda98325a52937 [32m204[0m 37.949 ms - -[0m
[0mGET /api/sauces [32m200[0m 42.304 ms - 2518[0m
[0mOPTIONS /api/sauces/6339b8f566021aab262ad88f [32m200[0m 0.882 ms - 19[0m
[0mGET /api/sauces/6339b8f566021aab262ad88f [32m200[0m 76.788 ms - 274[0m
[0mGET /api/sauces/6339b8f566021aab262ad88f [36m304[0m 112.989 ms - -[0m
[0mDELETE /api/sauces/6339b8f566021aab262ad88f [32m204[0m 128.466 ms - -[0m
[0mGET /api/sauces [32m200[0m 137.947 ms - 2243[0m
[0mOPTIONS /api/sauces/6339b950424ed195fc9139d7 [32m200[0m 0.452 ms - 19[0m
[0mGET /api/sauces/6339b950424ed195fc9139d7 [32m200[0m 113.477 ms - 277[0m
[0mGET /api/sauces/6339b950424ed195fc9139d7 [36m304[0m 35.524 ms - -[0m
[0mDELETE /api/sauces/6339b950424ed195fc9139d7 [32m204[0m 36.575 ms - -[0m
[0mOPTIONS /api/sauces [32m200[0m 0.392 ms - 13[0m
[0mGET /api/sauces [32m200[0m 46.340 ms - 1965[0m
[0mOPTIONS /api/sauces/6339b967e0a538aeb98d5512 [32m200[0m 0.429 ms - 19[0m
[0mGET /api/sauces/6339b967e0a538aeb98d5512 [32m200[0m 39.743 ms - 277[0m
[0mGET /api/sauces/6339b967e0a538aeb98d5512 [36m304[0m 36.338 ms - -[0m
[0mDELETE /api/sauces/6339b967e0a538aeb98d5512 [32m204[0m 35.849 ms - -[0m
[0mGET /api/sauces [32m200[0m 40.074 ms - 1687[0m
[0mOPTIONS /api/sauces/6339b9dbceef8595ccf91d3e [32m200[0m 0.442 ms - 19[0m
[0mGET /api/sauces/6339b9dbceef8595ccf91d3e [32m200[0m 38.830 ms - 277[0m
[0mGET /api/sauces/6339b9dbceef8595ccf91d3e [36m304[0m 36.358 ms - -[0m
[0mDELETE /api/sauces/6339b9dbceef8595ccf91d3e [32m204[0m 35.701 ms - -[0m
[0mGET /api/sauces [32m200[0m 37.841 ms - 1409[0m
[0mOPTIONS /api/sauces/6339ba02675c7fae9d5c44cd [32m200[0m 0.413 ms - 19[0m
[0mGET /api/sauces/6339ba02675c7fae9d5c44cd [32m200[0m 36.667 ms - 277[0m
[0mGET /api/sauces/6339ba02675c7fae9d5c44cd [36m304[0m 36.138 ms - -[0m
[0mDELETE /api/sauces/6339ba02675c7fae9d5c44cd [32m204[0m 35.835 ms - -[0m
[0mOPTIONS /api/sauces [32m200[0m 0.447 ms - 13[0m
[0mGET /api/sauces [32m200[0m 37.920 ms - 1131[0m
[0mOPTIONS /api/sauces/6339ba5c79ab88603fb91197 [32m200[0m 0.447 ms - 19[0m
[0mGET /api/sauces/6339ba5c79ab88603fb91197 [32m200[0m 50.308 ms - 277[0m
[0mGET /api/sauces/6339ba5c79ab88603fb91197 [36m304[0m 35.709 ms - -[0m
[0mDELETE /api/sauces/6339ba5c79ab88603fb91197 [32m204[0m 36.059 ms - -[0m
[0mGET /api/sauces [32m200[0m 36.393 ms - 853[0m
[0mOPTIONS /api/sauces/6339ba6e8f3fe715597ab587 [32m200[0m 0.419 ms - 19[0m
[0mGET /api/sauces/6339ba6e8f3fe715597ab587 [32m200[0m 111.093 ms - 277[0m
[0mGET /api/sauces/6339ba6e8f3fe715597ab587 [36m304[0m 73.003 ms - -[0m
[0mDELETE /api/sauces/6339ba6e8f3fe715597ab587 [32m204[0m 36.432 ms - -[0m
[0mGET /api/sauces [32m200[0m 35.854 ms - 575[0m
[0mOPTIONS /api/sauces/6339ba2d87c08a5a40b5799d [32m200[0m 0.397 ms - 19[0m
[0mGET /api/sauces/6339ba2d87c08a5a40b5799d [32m200[0m 35.966 ms - 277[0m
[0mOPTIONS /api/sauces [32m200[0m 0.478 ms - 13[0m
[0mGET /api/sauces [36m304[0m 37.030 ms - -[0m
[0mOPTIONS /api/sauces/6339aecb272cf31115be39d3 [32m200[0m 0.436 ms - 19[0m
[0mGET /api/sauces/6339aecb272cf31115be39d3 [32m200[0m 35.824 ms - 295[0m
[0mOPTIONS /api/sauces/6339aecb272cf31115be39d3 [32m200[0m 0.419 ms - 19[0m
[0mGET /api/sauces/6339aecb272cf31115be39d3 [36m304[0m 142.488 ms - -[0m
[0mDELETE /api/sauces/6339aecb272cf31115be39d3 [32m204[0m 182.784 ms - -[0m
[0mOPTIONS /api/sauces [32m200[0m 0.495 ms - 13[0m
[0mGET /api/sauces [32m200[0m 182.157 ms - 279[0m
[0mOPTIONS /api/sauces/6339ba2d87c08a5a40b5799d [32m200[0m 0.411 ms - 19[0m
[0mGET /api/sauces/6339ba2d87c08a5a40b5799d [36m304[0m 36.390 ms - -[0m
[0mGET /api/sauces/6339ba2d87c08a5a40b5799d [36m304[0m 35.477 ms - -[0m
[0mDELETE /api/sauces/6339ba2d87c08a5a40b5799d [32m204[0m 35.027 ms - -[0m
[0mGET /api/sauces [32m200[0m 33.197 ms - 2[0m
[0mOPTIONS /api/sauces [32m200[0m 1.080 ms - 13[0m
[0mPOST /api/sauces [32m201[0m 54.166 ms - 337[0m
[0mGET /api/sauces [32m200[0m 52.297 ms - 282[0m
[0mOPTIONS /api/auth/login [32m200[0m 4.698 ms - 4[0m
[0mPOST /api/auth/login [32m201[0m 219.499 ms - 249[0m
[0mOPTIONS /api/sauces [32m200[0m 1.136 ms - 13[0m
[0mGET /api/sauces [36m304[0m 192.110 ms - -[0m
[0mOPTIONS /api/auth/login [32m200[0m 4.965 ms - 4[0m
[0mPOST /api/auth/login [32m201[0m 248.764 ms - 249[0m
[0mOPTIONS /api/sauces [32m200[0m 1.278 ms - 13[0m
[0mGET /api/sauces [36m304[0m 45.564 ms - -[0m
[0mOPTIONS /api/auth/login [32m200[0m 4.679 ms - 4[0m
[0mPOST /api/auth/login [32m201[0m 217.035 ms - 249[0m
[0mOPTIONS /api/sauces [32m200[0m 1.422 ms - 13[0m
[0mGET /api/sauces [33m400[0m 2.823 ms - 19[0m
[0mOPTIONS /api/auth/login [32m200[0m 4.800 ms - 4[0m
[0mPOST /api/auth/login [32m201[0m 224.365 ms - 249[0m
[0mOPTIONS /api/sauces [32m200[0m 1.580 ms - 13[0m
[0mGET /api/sauces [32m200[0m 139.250 ms - 282[0m
[0mOPTIONS /api/sauces/6339baec8f3fe715597ab5d4 [32m200[0m 4.952 ms - 19[0m
[0mGET /api/sauces/6339baec8f3fe715597ab5d4 [32m200[0m 55.743 ms - 280[0m
[0mGET /api/sauces/6339baec8f3fe715597ab5d4 [36m304[0m 37.435 ms - -[0m
[0mDELETE /api/sauces/6339baec8f3fe715597ab5d4 [32m204[0m 39.622 ms - -[0m
[0mOPTIONS /api/sauces [32m200[0m 0.793 ms - 13[0m
[0mGET /api/sauces [32m200[0m 137.739 ms - 2[0m
[0mOPTIONS /api/sauces [32m200[0m 0.692 ms - 13[0m
[0mPOST /api/sauces [32m201[0m 158.772 ms - 333[0m
[0mGET /api/sauces [32m200[0m 139.156 ms - 270[0m
[0mOPTIONS /api/auth/login [32m200[0m 5.030 ms - 4[0m
[0mPOST /api/auth/login [32m201[0m 217.968 ms - 249[0m
[0mOPTIONS /api/sauces [32m200[0m 1.134 ms - 13[0m
[0mGET /api/sauces [36m304[0m 51.073 ms - -[0m
[0mOPTIONS /api/auth/login [32m200[0m 4.708 ms - 4[0m
[0mPOST /api/auth/login [32m201[0m 219.108 ms - 249[0m
[0mOPTIONS /api/sauces [32m200[0m 1.111 ms - 13[0m
[0mGET /api/sauces [36m304[0m 61.221 ms - -[0m
[0mOPTIONS /api/auth/login [32m200[0m 4.942 ms - 4[0m
[0mPOST /api/auth/login [32m201[0m 230.177 ms - 249[0m
[0mOPTIONS /api/sauces [32m200[0m 1.364 ms - 13[0m
[0mGET /api/sauces [36m304[0m 50.521 ms - -[0m
[0mOPTIONS /api/auth/login [32m200[0m 4.854 ms - 4[0m
[0mPOST /api/auth/login [32m201[0m 228.815 ms - 249[0m
[0mOPTIONS /api/sauces [32m200[0m 1.146 ms - 13[0m
[0mGET /api/sauces [36m304[0m 54.142 ms - -[0m
[0mOPTIONS /api/auth/login [32m200[0m 4.656 ms - 4[0m
[0mPOST /api/auth/login [32m201[0m 230.009 ms - 249[0m
[0mOPTIONS /api/sauces [32m200[0m 1.207 ms - 13[0m
[0mGET /api/sauces [36m304[0m 85.100 ms - -[0m
[0mOPTIONS /api/sauces/6339bc9d80f8c5db6e531888 [32m200[0m 6.175 ms - 19[0m
[0mGET /api/sauces/6339bc9d80f8c5db6e531888 [32m200[0m 56.659 ms - 268[0m
[0mOPTIONS /api/auth/login [32m200[0m 0.754 ms - 4[0m
[0mPOST /api/auth/login [32m201[0m 208.223 ms - 249[0m
[0mOPTIONS /api/sauces [32m200[0m 0.851 ms - 13[0m
[0mGET /api/sauces [36m304[0m 50.093 ms - -[0m
[0mOPTIONS /api/auth/login [32m200[0m 4.766 ms - 4[0m
[0mPOST /api/auth/login [32m201[0m 222.057 ms - 249[0m
[0mOPTIONS /api/sauces [32m200[0m 1.186 ms - 13[0m
[0mGET /api/sauces [36m304[0m 62.974 ms - -[0m
[0mOPTIONS /api/sauces/6339bc9d80f8c5db6e531888 [32m200[0m 0.846 ms - 19[0m
[0mGET /api/sauces/6339bc9d80f8c5db6e531888 [33m400[0m 40.198 ms - 19[0m
[0mOPTIONS /api/auth/login [32m200[0m 0.831 ms - 4[0m
[0mPOST /api/auth/login [32m201[0m 162.389 ms - 249[0m
[0mOPTIONS /api/sauces [32m200[0m 1.715 ms - 13[0m
[0mGET /api/sauces [36m304[0m 45.468 ms - -[0m
[0mOPTIONS /api/sauces/6339bc9d80f8c5db6e531888 [32m200[0m 0.475 ms - 19[0m
[0mGET /api/sauces/6339bc9d80f8c5db6e531888 [33m400[0m 39.632 ms - 19[0m
[0mOPTIONS /api/auth/login [32m200[0m 4.855 ms - 4[0m
[0mPOST /api/auth/login [32m201[0m 218.435 ms - 249[0m
[0mOPTIONS /api/sauces [32m200[0m 1.194 ms - 13[0m
[0mGET /api/sauces [36m304[0m 53.747 ms - -[0m
[0mOPTIONS /api/sauces/6339bc9d80f8c5db6e531888 [32m200[0m 0.809 ms - 19[0m
[0mGET /api/sauces/6339bc9d80f8c5db6e531888 [0m-[0m - ms - -[0m
[0mOPTIONS /api/auth/login [32m200[0m 3.460 ms - 4[0m
[0mPOST /api/auth/login [32m201[0m 212.272 ms - 249[0m
[0mOPTIONS /api/sauces [32m200[0m 1.231 ms - 13[0m
[0mGET /api/sauces [36m304[0m 38.700 ms - -[0m
[0mOPTIONS /api/sauces/6339bc9d80f8c5db6e531888 [32m200[0m 1.035 ms - 19[0m
[0mGET /api/sauces/6339bc9d80f8c5db6e531888 [0m-[0m - ms - -[0m
[0mOPTIONS /api/auth/login [32m200[0m 3.492 ms - 4[0m
[0mPOST /api/auth/login [32m201[0m 234.775 ms - 249[0m
[0mOPTIONS /api/sauces [32m200[0m 0.955 ms - 13[0m
[0mGET /api/sauces [32m200[0m 38.837 ms - 270[0m
[0mOPTIONS /api/sauces/6339bc9d80f8c5db6e531888 [32m200[0m 1.123 ms - 19[0m
[0mGET /api/sauces/6339bc9d80f8c5db6e531888 [0m-[0m - ms - -[0m
[0mOPTIONS /api/auth/login [32m200[0m 4.971 ms - 4[0m
[0mPOST /api/auth/login [32m201[0m 226.325 ms - 249[0m
[0mOPTIONS /api/sauces [32m200[0m 1.280 ms - 13[0m
[0mGET /api/sauces [32m200[0m 42.721 ms - 270[0m
[0mOPTIONS /api/sauces/6339bc9d80f8c5db6e531888 [32m200[0m 1.065 ms - 19[0m
[0mGET /api/sauces/6339bc9d80f8c5db6e531888 [0m-[0m - ms - -[0m
[0mOPTIONS /api/auth/login [32m200[0m 3.463 ms - 4[0m
[0mPOST /api/auth/login [32m201[0m 206.431 ms - 249[0m
[0mOPTIONS /api/sauces [32m200[0m 0.966 ms - 13[0m
[0mGET /api/sauces [36m304[0m 38.950 ms - -[0m
[0mOPTIONS /api/sauces/6339bc9d80f8c5db6e531888 [32m200[0m 0.859 ms - 19[0m
[0mGET /api/sauces/6339bc9d80f8c5db6e531888 [33m400[0m 752.819 ms - 19[0m
[0mOPTIONS /api/sauces [32m200[0m 1.692 ms - 13[0m
[0mGET /api/sauces [36m304[0m 41.534 ms - -[0m
[0mOPTIONS /api/auth/login [32m200[0m 4.897 ms - 4[0m
[0mPOST /api/auth/login [32m201[0m 225.589 ms - 249[0m
[0mOPTIONS /api/sauces [32m200[0m 1.173 ms - 13[0m
[0mGET /api/sauces [36m304[0m 105.887 ms - -[0m
[0mOPTIONS /api/auth/login [32m200[0m 4.740 ms - 4[0m
[0mPOST /api/auth/login [32m201[0m 223.924 ms - 249[0m
[0mOPTIONS /api/sauces [32m200[0m 1.124 ms - 13[0m
[0mGET /api/sauces [36m304[0m 45.024 ms - -[0m
[0mOPTIONS /api/sauces [32m200[0m 0.867 ms - 13[0m
[0mPOST /api/sauces [32m201[0m 81.665 ms - 313[0m
[0mGET /api/sauces [32m200[0m 55.915 ms - 856[0m
[0mOPTIONS /api/sauces/6339bc9d80f8c5db6e531888 [32m200[0m 0.973 ms - 19[0m
[0mGET /api/sauces/6339bc9d80f8c5db6e531888 [32m200[0m 42.275 ms - 268[0m
[0mGET /api/sauces/6339bc9d80f8c5db6e531888 [36m304[0m 37.997 ms - -[0m
[0mDELETE /api/sauces/6339bc9d80f8c5db6e531888 [32m204[0m 44.212 ms - -[0m
[0mOPTIONS /api/sauces [32m200[0m 0.502 ms - 13[0m
[0mGET /api/sauces [32m200[0m 37.788 ms - 587[0m
[0mOPTIONS /api/sauces/6339dcdf1a4da69348260624 [32m200[0m 0.663 ms - 19[0m
[0mGET /api/sauces/6339dcdf1a4da69348260624 [32m200[0m 39.628 ms - 277[0m
[0mGET /api/sauces/6339dcdf1a4da69348260624 [36m304[0m 38.429 ms - -[0m
[0mDELETE /api/sauces/6339dcdf1a4da69348260624 [32m204[0m 37.092 ms - -[0m
[0mOPTIONS /api/sauces [32m200[0m 0.396 ms - 13[0m
[0mGET /api/sauces [32m200[0m 41.359 ms - 309[0m
[0mOPTIONS /api/sauces [32m200[0m 0.759 ms - 13[0m
[0mPOST /api/sauces [32m201[0m 64.320 ms - 302[0m
[0mGET /api/sauces [32m200[0m 39.064 ms - 576[0m
[0mOPTIONS /api/sauces [32m200[0m 6.522 ms - 13[0m
[0mPOST /api/sauces [32m201[0m 320.616 ms - 328[0m
[0mGET /api/sauces [32m200[0m 49.275 ms - 848[0m
[0mOPTIONS /api/auth/login [32m200[0m 4.700 ms - 4[0m
[0mPOST /api/auth/login [32m201[0m 219.448 ms - 249[0m
[0mOPTIONS /api/sauces [32m200[0m 1.167 ms - 13[0m
[0mGET /api/sauces [36m304[0m 99.436 ms - -[0m
[0mGET /images/unknown.png1664731870163.png [33m404[0m 5.373 ms - 174[0m
[0mOPTIONS /api/auth/login [32m200[0m 4.798 ms - 4[0m
[0mPOST /api/auth/login [32m201[0m 276.107 ms - 249[0m
[0mOPTIONS /api/sauces [32m200[0m 1.120 ms - 13[0m
[0mGET /api/sauces [36m304[0m 159.314 ms - -[0m
[0mGET /images/unknown.png1664731870163.png [33m404[0m 3.839 ms - 174[0m
[0mOPTIONS /api/auth/login [32m200[0m 4.807 ms - 4[0m
[0mPOST /api/auth/login [32m201[0m 218.871 ms - 249[0m
[0mOPTIONS /api/sauces [32m200[0m 1.165 ms - 13[0m
[0mGET /api/sauces [33m400[0m 56.542 ms - 19[0m
[0mOPTIONS /api/auth/login [32m200[0m 4.775 ms - 4[0m
[0mPOST /api/auth/login [32m201[0m 220.666 ms - 249[0m
[0mOPTIONS /api/sauces [32m200[0m 1.120 ms - 13[0m
[0mGET /api/sauces [32m200[0m 56.666 ms - 848[0m
[0mGET /images/unknown.png1664731870163.png [33m404[0m 3.885 ms - 174[0m
[0mOPTIONS /api/auth/login [32m200[0m 4.567 ms - 4[0m
[0mPOST /api/auth/login [32m201[0m 228.016 ms - 249[0m
[0mOPTIONS /api/sauces [32m200[0m 1.236 ms - 13[0m
[0mGET /api/sauces [36m304[0m 66.061 ms - -[0m
[0mGET /images/unknown.png1664731870163.png [33m404[0m 3.736 ms - 174[0m
[0mOPTIONS /api/auth/login [32m200[0m 4.716 ms - 4[0m
[0mPOST /api/auth/login [32m201[0m 218.198 ms - 249[0m
[0mOPTIONS /api/sauces [32m200[0m 1.236 ms - 13[0m
[0mGET /api/sauces [36m304[0m 56.596 ms - -[0m
[0mGET /images/unknown.png1664731870163.png [33m404[0m 3.929 ms - 174[0m
[0mOPTIONS /api/sauces/6339decf1a4da69348260631 [32m200[0m 5.090 ms - 19[0m
[0mGET /api/sauces/6339decf1a4da69348260631 [32m200[0m 272.560 ms - 266[0m
[0mGET /api/sauces/6339decf1a4da69348260631 [36m304[0m 39.339 ms - -[0m
[0mDELETE /api/sauces/6339decf1a4da69348260631 [32m204[0m 37.878 ms - -[0m
[0mOPTIONS /api/sauces [32m200[0m 0.775 ms - 13[0m
[0mGET /api/sauces [32m200[0m 51.274 ms - 581[0m
[0mGET /images/unknown.png1664731870163.png [33m404[0m 4.601 ms - 174[0m
[0mOPTIONS /api/sauces/6339df6b20e4bf61e95e5255 [32m200[0m 0.793 ms - 19[0m
[0mGET /api/sauces/6339df6b20e4bf61e95e5255 [32m200[0m 37.919 ms - 271[0m
[0mGET /api/sauces/6339df6b20e4bf61e95e5255 [36m304[0m 40.758 ms - -[0m
[0mDELETE /api/sauces/6339df6b20e4bf61e95e5255 [32m204[0m 36.730 ms - -[0m
[0mGET /api/sauces [32m200[0m 39.832 ms - 309[0m
[0mGET /images/unknown.png1664731870163.png [33m404[0m 1.330 ms - 174[0m
[0mOPTIONS /api/sauces/6339cade631a8dca9f29c615 [32m200[0m 0.669 ms - 19[0m
[0mGET /api/sauces/6339cade631a8dca9f29c615 [32m200[0m 37.070 ms - 307[0m
[0mGET /images/unknown.png1664731870163.png [33m404[0m 0.810 ms - 174[0m
[0mOPTIONS /api/sauces [32m200[0m 0.560 ms - 13[0m
[0mPOST /api/sauces [32m201[0m 80.850 ms - 335[0m
[0mGET /api/sauces [32m200[0m 41.127 ms - 272[0m
[0mOPTIONS /api/auth/login [32m200[0m 4.640 ms - 4[0m
[0mPOST /api/auth/login [32m201[0m 217.811 ms - 249[0m
[0mOPTIONS /api/sauces [32m200[0m 1.296 ms - 13[0m
[0mGET /api/sauces [32m200[0m 55.488 ms - 301[0m
[0mGET /images/encrypt.png1664737730797.png [32m200[0m 5.309 ms - 1253621[0m
[0mOPTIONS /api/auth/login [32m200[0m 4.716 ms - 4[0m
[0mPOST /api/auth/login [32m201[0m 219.944 ms - 249[0m
[0mOPTIONS /api/sauces [32m200[0m 1.129 ms - 13[0m
[0mGET /api/sauces [36m304[0m 54.702 ms - -[0m
[0mGET /images/encrypt.png1664737730797.png [36m304[0m 6.203 ms - -[0m
[0mOPTIONS /api/sauces/6339e1c2d110f0eff6d8987f [32m200[0m 6.758 ms - 19[0m
[0mGET /api/sauces/6339e1c2d110f0eff6d8987f [32m200[0m 719.880 ms - 270[0m
[0mOPTIONS /api/auth/login [32m200[0m 4.643 ms - 4[0m
[0mPOST /api/auth/login [32m201[0m 221.917 ms - 249[0m
[0mOPTIONS /api/sauces [32m200[0m 1.131 ms - 13[0m
[0mGET /api/sauces [36m304[0m 44.449 ms - -[0m
[0mGET /images/encrypt.png1664737730797.png [36m304[0m 2.918 ms - -[0m
[0mOPTIONS /api/sauces/6339e1c2d110f0eff6d8987f [32m200[0m 0.917 ms - 19[0m
[0mGET /api/sauces/6339e1c2d110f0eff6d8987f [33m400[0m 47.162 ms - 19[0m
[0mOPTIONS /api/auth/login [32m200[0m 4.680 ms - 4[0m
[0mPOST /api/auth/login [32m201[0m 233.936 ms - 249[0m
[0mOPTIONS /api/sauces [32m200[0m 1.154 ms - 13[0m
[0mGET /api/sauces [36m304[0m 45.038 ms - -[0m
[0mGET /images/encrypt.png1664737730797.png [36m304[0m 2.858 ms - -[0m
[0mOPTIONS /api/sauces/6339e1c2d110f0eff6d8987f [32m200[0m 1.866 ms - 19[0m
[0mGET /api/sauces/6339e1c2d110f0eff6d8987f [33m400[0m 84.050 ms - 19[0m
[0mOPTIONS /api/auth/login [32m200[0m 4.891 ms - 4[0m
[0mPOST /api/auth/login [32m201[0m 219.311 ms - 249[0m
[0mOPTIONS /api/sauces [32m200[0m 1.138 ms - 13[0m
[0mGET /api/sauces [36m304[0m 44.363 ms - -[0m
[0mGET /images/encrypt.png1664737730797.png [36m304[0m 2.844 ms - -[0m
[0mOPTIONS /api/sauces/6339e1c2d110f0eff6d8987f [32m200[0m 0.910 ms - 19[0m
[0mGET /api/sauces/6339e1c2d110f0eff6d8987f [32m200[0m 311.082 ms - 270[0m
[0mOPTIONS /api/auth/login [32m200[0m 4.685 ms - 4[0m
[0mPOST /api/auth/login [32m201[0m 219.072 ms - 249[0m
[0mOPTIONS /api/sauces [32m200[0m 1.200 ms - 13[0m
[0mGET /api/sauces [36m304[0m 45.789 ms - -[0m
[0mGET /images/encrypt.png1664737730797.png [36m304[0m 2.894 ms - -[0m
[0mOPTIONS /api/sauces/6339e1c2d110f0eff6d8987f [32m200[0m 0.914 ms - 19[0m
[0mGET /api/sauces/6339e1c2d110f0eff6d8987f [36m304[0m 353.077 ms - -[0m
[0mOPTIONS /api/auth/login [32m200[0m 4.982 ms - 4[0m
[0mPOST /api/auth/login [32m201[0m 227.034 ms - 249[0m
[0mOPTIONS /api/sauces [32m200[0m 1.249 ms - 13[0m
[0mGET /api/sauces [36m304[0m 45.795 ms - -[0m
[0mGET /images/encrypt.png1664737730797.png [36m304[0m 2.937 ms - -[0m
[0mOPTIONS /api/sauces/6339e1c2d110f0eff6d8987f [32m200[0m 0.894 ms - 19[0m
[0mGET /api/sauces/6339e1c2d110f0eff6d8987f [36m304[0m 345.661 ms - -[0m
[0mOPTIONS /api/auth/login [32m200[0m 5.072 ms - 4[0m
[0mPOST /api/auth/login [32m201[0m 219.457 ms - 249[0m
[0mOPTIONS /api/sauces [32m200[0m 1.115 ms - 13[0m
[0mGET /api/sauces [36m304[0m 45.227 ms - -[0m
[0mGET /images/encrypt.png1664737730797.png [36m304[0m 3.016 ms - -[0m
[0mOPTIONS /api/sauces/6339e1c2d110f0eff6d8987f [32m200[0m 0.902 ms - 19[0m
[0mGET /api/sauces/6339e1c2d110f0eff6d8987f [36m304[0m 81.002 ms - -[0m
[0mOPTIONS /api/auth/login [32m200[0m 4.701 ms - 4[0m
[0mPOST /api/auth/login [32m201[0m 217.980 ms - 249[0m
[0mOPTIONS /api/sauces [32m200[0m 1.230 ms - 13[0m
[0mGET /api/sauces [36m304[0m 45.293 ms - -[0m
[0mGET /images/encrypt.png1664737730797.png [36m304[0m 2.962 ms - -[0m
[0mOPTIONS /api/sauces/6339e1c2d110f0eff6d8987f [32m200[0m 0.892 ms - 19[0m
[0mGET /api/sauces/6339e1c2d110f0eff6d8987f [36m304[0m 40.655 ms - -[0m
[0mOPTIONS /api/auth/login [32m200[0m 4.634 ms - 4[0m
[0mPOST /api/auth/login [32m201[0m 219.179 ms - 249[0m
[0mOPTIONS /api/sauces [32m200[0m 1.258 ms - 13[0m
[0mGET /api/sauces [36m304[0m 45.542 ms - -[0m
[0mGET /images/encrypt.png1664737730797.png [36m304[0m 2.820 ms - -[0m
[0mOPTIONS /api/sauces/6339e1c2d110f0eff6d8987f [32m200[0m 0.896 ms - 19[0m
[0mGET /api/sauces/6339e1c2d110f0eff6d8987f [32m200[0m 41.553 ms - 299[0m
[0mGET /api/sauces/6339e1c2d110f0eff6d8987f [36m304[0m 37.589 ms - -[0m
[0mDELETE /api/sauces/6339e1c2d110f0eff6d8987f [32m204[0m 38.609 ms - -[0m
[0mGET /api/sauces [32m200[0m 35.239 ms - 2[0m
